<?xml version="1.0" encoding="UTF-8"?>
<!-- Generated by org.testng.reporters.JUnitReportReporter -->
<testsuite hostname="DESKTOP-ACCNH3K" failures="0" tests="1" name="com.framework.level1.level2.testcases.LumaVerifyHomePageTest" time="2.827" errors="0" timestamp="2023-11-15T12:46:10 EST" skipped="0">
  <testcase classname="com.framework.level1.level2.testcases.LumaVerifyHomePageTest" name="verifyCertainElemetnsOnTheHomePage" time="2.827"/>
</testsuite> <!-- com.framework.level1.level2.testcases.LumaVerifyHomePageTest -->
