<?xml version="1.0" encoding="UTF-8"?>
<!-- Generated by org.testng.reporters.JUnitReportReporter -->
<testsuite hostname="DESKTOP-ACCNH3K" failures="0" tests="1" name="com.framework.level1.level2.testcases.LumaCheckOutTest" time="18.046" errors="0" timestamp="2023-11-15T12:46:10 EST" skipped="0">
  <testcase classname="com.framework.level1.level2.testcases.LumaCheckOutTest" name="verifyAddAProductToTheShoppingCartAndNavigateToCheckOutPage" time="18.046"/>
</testsuite> <!-- com.framework.level1.level2.testcases.LumaCheckOutTest -->
